Using pre-set license
Built from '2020.3/staging' branch; Version is '2020.3.14f1 (d0d1bb862f9d) revision 13685179'; Using compiler version '192528614'; Build Type 'Release'
OS: 'Windows 10 Home; OS build 19043.1052; Version 2009; 64bit' Language: 'ko' Physical Memory: 24253 MB
BatchMode: 1, IsHumanControllingUs: 0, StartBugReporterOnCrash: 0, Is64bit: 1, IsPro: 0

 COMMAND LINE ARGUMENTS:
C:\Program Files\Unity\Hub\Editor\2020.3.14f1\Editor\Unity.exe
-adb2
-batchMode
-noUpm
-name
AssetImportWorker0
-projectPath
C:/UnityProject/Finding_Sugar_World
-logFile
Logs/AssetImportWorker0.log
-srvPort
56383
Successfully changed project path to: C:/UnityProject/Finding_Sugar_World
C:/UnityProject/Finding_Sugar_World
Using Asset Import Pipeline V2.
Refreshing native plugins compatible for Editor in 37.45 ms, found 2 plugins.
Preloading 0 native plugins for Editor in 0.00 ms.
Initialize engine version: 2020.3.14f1 (d0d1bb862f9d)
[Subsystems] Discovering subsystems at path C:/Program Files/Unity/Hub/Editor/2020.3.14f1/Editor/Data/Resources/UnitySubsystems
[Subsystems] Discovering subsystems at path C:/UnityProject/Finding_Sugar_World/Assets
GfxDevice: creating device client; threaded=0
Direct3D:
    Version:  Direct3D 11.0 [level 11.1]
    Renderer: NVIDIA GeForce RTX 3060 Laptop GPU (ID=0x2520)
    Vendor:   
    VRAM:     6023 MB
    Driver:   27.21.14.6235
Initialize mono
Mono path[0] = 'C:/Program Files/Unity/Hub/Editor/2020.3.14f1/Editor/Data/Managed'
Mono path[1] = 'C:/Program Files/Unity/Hub/Editor/2020.3.14f1/Editor/Data/MonoBleedingEdge/lib/mono/unityjit'
Mono config path = 'C:/Program Files/Unity/Hub/Editor/2020.3.14f1/Editor/Data/MonoBleedingEdge/etc'
Using monoOptions --debugger-agent=transport=dt_socket,embedding=1,server=y,suspend=n,address=127.0.0.1:56080
Begin MonoManager ReloadAssembly
Registering precompiled unity dll's ...
Register platform support module: C:/Program Files/Unity/Hub/Editor/2020.3.14f1/Editor/Data/PlaybackEngines/WebGLSupport/UnityEditor.WebGL.Extensions.dll
Register platform support module: C:/Program Files/Unity/Hub/Editor/2020.3.14f1/Editor/Data/PlaybackEngines/WindowsStandaloneSupport/UnityEditor.WindowsStandalone.Extensions.dll
Registered in 0.002226 seconds.
Native extension for WindowsStandalone target not found
Native extension for WebGL target not found
Refreshing native plugins compatible for Editor in 42.96 ms, found 2 plugins.
Preloading 0 native plugins for Editor in 0.00 ms.
Mono: successfully reloaded assembly
- Completed reload, in  2.056 seconds
Domain Reload Profiling:
	ReloadAssembly (2056ms)
		BeginReloadAssembly (75ms)
			ExecutionOrderSort (0ms)
			DisableScriptedObjects (0ms)
			BackupInstance (0ms)
			ReleaseScriptingObjects (0ms)
			CreateAndSetChildDomain (1ms)
		EndReloadAssembly (435ms)
			LoadAssemblies (73ms)
			RebuildTransferFunctionScriptingTraits (0ms)
			SetupTypeCache (137ms)
			ReleaseScriptCaches (0ms)
			RebuildScriptCaches (32ms)
			SetupLoadedEditorAssemblies (197ms)
				LogAssemblyErrors (0ms)
				InitializePlatformSupportModulesInManaged (9ms)
				SetLoadedEditorAssemblies (0ms)
				RefreshPlugins (43ms)
				BeforeProcessingInitializeOnLoad (11ms)
				ProcessInitializeOnLoadAttributes (105ms)
				ProcessInitializeOnLoadMethodAttributes (28ms)
				AfterProcessingInitializeOnLoad (0ms)
				EditorAssembliesLoaded (0ms)
			ExecutionOrderSort2 (0ms)
			AwakeInstancesAfterBackupRestoration (0ms)
Platform modules already initialized, skipping
Registering precompiled user dll's ...
Registered in 0.011020 seconds.
Begin MonoManager ReloadAssembly
Native extension for WindowsStandalone target not found
Native extension for WebGL target not found
Refreshing native plugins compatible for Editor in 0.39 ms, found 2 plugins.
Preloading 0 native plugins for Editor in 0.00 ms.
Mono: successfully reloaded assembly
- Completed reload, in  0.974 seconds
Domain Reload Profiling:
	ReloadAssembly (975ms)
		BeginReloadAssembly (166ms)
			ExecutionOrderSort (0ms)
			DisableScriptedObjects (7ms)
			BackupInstance (0ms)
			ReleaseScriptingObjects (0ms)
			CreateAndSetChildDomain (24ms)
		EndReloadAssembly (763ms)
			LoadAssemblies (114ms)
			RebuildTransferFunctionScriptingTraits (0ms)
			SetupTypeCache (216ms)
			ReleaseScriptCaches (0ms)
			RebuildScriptCaches (56ms)
			SetupLoadedEditorAssemblies (288ms)
				LogAssemblyErrors (0ms)
				InitializePlatformSupportModulesInManaged (4ms)
				SetLoadedEditorAssemblies (0ms)
				RefreshPlugins (0ms)
				BeforeProcessingInitializeOnLoad (82ms)
				ProcessInitializeOnLoadAttributes (192ms)
				ProcessInitializeOnLoadMethodAttributes (4ms)
				AfterProcessingInitializeOnLoad (6ms)
				EditorAssembliesLoaded (0ms)
			ExecutionOrderSort2 (0ms)
			AwakeInstancesAfterBackupRestoration (4ms)
Platform modules already initialized, skipping
========================================================================
Worker process is ready to serve import requests
Launched and connected shader compiler UnityShaderCompiler.exe after 0.04 seconds
Refreshing native plugins compatible for Editor in 0.52 ms, found 2 plugins.
Preloading 0 native plugins for Editor in 0.00 ms.
Unloading 1507 Unused Serialized files (Serialized files now loaded: 0)
System memory in use before: 74.6 MB.
System memory in use after: 74.7 MB.

Unloading 20 unused Assets to reduce memory usage. Loaded Objects now: 1942.
Total: 1.509600 ms (FindLiveObjects: 0.115900 ms CreateObjectMapping: 0.028000 ms MarkObjects: 1.282000 ms  DeleteObjects: 0.082600 ms)

AssetImportParameters requested are different than current active one (requested -> active):
  custom:framework-win-MediaFoundation: 216162199b28c13a410421893ffa2e32 -> 
  custom:video-decoder-ogg-theora: a1e56fd34408186e4bbccfd4996cb3dc -> 
  custom:container-muxer-webm: aa71ff27fc2769a1b78a27578f13a17b -> 
  custom:container-demuxer-webm: 4f35f7cbe854078d1ac9338744f61a02 -> 
  custom:container-demuxer-ogg: 62fdf1f143b41e24485cea50d1cbac27 -> 
  custom:video-encoder-webm-vp8: eb34c28f22e8b96e1ab97ce403110664 -> 
  custom:video-decoder-webm-vp8: 9c59270c3fd7afecdb556c50c9e8de78 -> 
  custom:audio-decoder-ogg-vorbis: bf7c407c2cedff20999df2af8eb42d56 -> 
  custom:audio-encoder-webm-vorbis: bf7c407c2cedff20999df2af8eb42d56 -> 
========================================================================
Received Import Request.
  path: Assets/JMO Assets
  artifactKey: Guid(a5e67e9d4e40dd143aedba4cd5047d31) Importer(815301076,1909f56bfc062723c751e8b465ee728b)
Start importing Assets/JMO Assets using Guid(a5e67e9d4e40dd143aedba4cd5047d31) Importer(815301076,1909f56bfc062723c751e8b465ee728b)  -> (artifact id: 'bb2d108bc39d34f098861cf9355d9fe8') in 0.004921 seconds 
  Import took 0.006759 seconds .

========================================================================
Received Import Request.
  Time since last request: 22.243226 seconds.
  path: Assets/04. Prefabs
  artifactKey: Guid(3350014a3d3707b43bbc63e321aa6f4f) Importer(815301076,1909f56bfc062723c751e8b465ee728b)
Start importing Assets/04. Prefabs using Guid(3350014a3d3707b43bbc63e321aa6f4f) Importer(815301076,1909f56bfc062723c751e8b465ee728b)  -> (artifact id: '5da74bc7864ad94fc9d598bcbbb0cec1') in 0.003724 seconds 
  Import took 0.006869 seconds .

========================================================================
Received Import Request.
  Time since last request: 6.161872 seconds.
  path: Assets/05. Materials
  artifactKey: Guid(b8888b2be8c608846a914dbb965f6963) Importer(815301076,1909f56bfc062723c751e8b465ee728b)
Start importing Assets/05. Materials using Guid(b8888b2be8c608846a914dbb965f6963) Importer(815301076,1909f56bfc062723c751e8b465ee728b)  -> (artifact id: 'f6ad8b2e2b4413eea9361d223e56227e') in 0.003582 seconds 
  Import took 0.005875 seconds .

========================================================================
Received Import Request.
  Time since last request: 8.212976 seconds.
  path: Assets/06. Animation
  artifactKey: Guid(961c01441f245e9438fd8baf74abd351) Importer(815301076,1909f56bfc062723c751e8b465ee728b)
Start importing Assets/06. Animation using Guid(961c01441f245e9438fd8baf74abd351) Importer(815301076,1909f56bfc062723c751e8b465ee728b)  -> (artifact id: '35c222a0c539744bc8e80b1ef8122462') in 0.002921 seconds 
  Import took 0.005199 seconds .

========================================================================
Received Import Request.
  Time since last request: 2.631833 seconds.
  path: Assets/JMO Assets/Cartoon FX
  artifactKey: Guid(c865e48369a325f4784ecd8444d1ec51) Importer(815301076,1909f56bfc062723c751e8b465ee728b)
Start importing Assets/JMO Assets/Cartoon FX using Guid(c865e48369a325f4784ecd8444d1ec51) Importer(815301076,1909f56bfc062723c751e8b465ee728b)  -> (artifact id: 'b943754cfa11b8edc36668da7f91a066') in 0.003593 seconds 
  Import took 0.006587 seconds .

========================================================================
Received Import Request.
  Time since last request: 2.792833 seconds.
  path: Assets/JMO Assets/Cartoon FX Easy Editor
  artifactKey: Guid(7a7171bf41aeb6949b08451fbcd42dd7) Importer(815301076,1909f56bfc062723c751e8b465ee728b)
Start importing Assets/JMO Assets/Cartoon FX Easy Editor using Guid(7a7171bf41aeb6949b08451fbcd42dd7) Importer(815301076,1909f56bfc062723c751e8b465ee728b)  -> (artifact id: '6f809c37ebb6b848f97257d3050490b0') in 0.002736 seconds 
  Import took 0.004805 seconds .

========================================================================
Received Import Request.
  Time since last request: 15.902075 seconds.
  path: Assets/JMO Assets/Cartoon FX/07. Effects
  artifactKey: Guid(77cbf3122ab20a441a66229b577aa442) Importer(815301076,1909f56bfc062723c751e8b465ee728b)
Start importing Assets/JMO Assets/Cartoon FX/07. Effects using Guid(77cbf3122ab20a441a66229b577aa442) Importer(815301076,1909f56bfc062723c751e8b465ee728b)  -> (artifact id: '53a220d5f92f7f996d7fc9622be3018d') in 0.004268 seconds 
  Import took 0.006335 seconds .

========================================================================
Received Import Request.
  Time since last request: 44.914024 seconds.
  path: Assets/03. Models/Spiders
  artifactKey: Guid(3770bdbfbbabe1d48844cbfd754a9641) Importer(815301076,1909f56bfc062723c751e8b465ee728b)
Start importing Assets/03. Models/Spiders using Guid(3770bdbfbbabe1d48844cbfd754a9641) Importer(815301076,1909f56bfc062723c751e8b465ee728b)  -> (artifact id: '02edb9cdcb52d56fa023e55d63b91c42') in 0.003647 seconds 
  Import took 0.005876 seconds .

========================================================================
Received Import Request.
  Time since last request: 8.252616 seconds.
  path: Assets/JMO Assets/Editor
  artifactKey: Guid(632cca2d5218983499321573c76c8e8a) Importer(815301076,1909f56bfc062723c751e8b465ee728b)
Start importing Assets/JMO Assets/Editor using Guid(632cca2d5218983499321573c76c8e8a) Importer(815301076,1909f56bfc062723c751e8b465ee728b)  -> (artifact id: '992aad20f8220ed26ed8838a0fe9669a') in 0.003318 seconds 
  Import took 0.005753 seconds .

========================================================================
Received Import Request.
  Time since last request: 24.151572 seconds.
  path: Assets/05. Materials/Ground textures pack/Dry ground
  artifactKey: Guid(441341e980c75c64b94df688fbe4a22e) Importer(815301076,1909f56bfc062723c751e8b465ee728b)
Start importing Assets/05. Materials/Ground textures pack/Dry ground using Guid(441341e980c75c64b94df688fbe4a22e) Importer(815301076,1909f56bfc062723c751e8b465ee728b)  -> (artifact id: '0ecc58547db342fba741a3145c01aed1') in 0.003622 seconds 
  Import took 0.006140 seconds .

========================================================================
Received Import Request.
  Time since last request: 50.118291 seconds.
  path: Assets/03. Models/Spiders/prefabs/spider1.prefab
  artifactKey: Guid(2a71030b8ff2f8e4db68e9f8e878a2d7) Importer(815301076,1909f56bfc062723c751e8b465ee728b)
Start importing Assets/03. Models/Spiders/prefabs/spider1.prefab using Guid(2a71030b8ff2f8e4db68e9f8e878a2d7) Importer(815301076,1909f56bfc062723c751e8b465ee728b)  -> (artifact id: 'b4e0224f31cd620cc10799f9ea76f64c') in 0.232262 seconds 
  Import took 0.234684 seconds .

========================================================================
Received Import Request.
  Time since last request: 1.678712 seconds.
  path: Assets/03. Models/Spiders/prefabs/spider2.prefab
  artifactKey: Guid(4bbe8b9850f3c344fbcbe4509a1a1a54) Importer(815301076,1909f56bfc062723c751e8b465ee728b)
Start importing Assets/03. Models/Spiders/prefabs/spider2.prefab using Guid(4bbe8b9850f3c344fbcbe4509a1a1a54) Importer(815301076,1909f56bfc062723c751e8b465ee728b)  -> (artifact id: '787cde44ace085762dba7ca5f6c3351b') in 0.025849 seconds 
  Import took 0.028632 seconds .

========================================================================
Received Import Request.
  Time since last request: 0.005122 seconds.
  path: Assets/03. Models/Spiders/prefabs/spider2.prefab
  artifactKey: Guid(4bbe8b9850f3c344fbcbe4509a1a1a54) Importer(815301076,1909f56bfc062723c751e8b465ee728b)
Start importing Assets/03. Models/Spiders/prefabs/spider2.prefab using Guid(4bbe8b9850f3c344fbcbe4509a1a1a54) Importer(815301076,1909f56bfc062723c751e8b465ee728b)  -> (artifact id: '787cde44ace085762dba7ca5f6c3351b') in 0.039476 seconds 
  Import took 0.042831 seconds .

========================================================================
Received Import Request.
  Time since last request: 0.539560 seconds.
  path: Assets/03. Models/Spiders/prefabs/spider3.prefab
  artifactKey: Guid(9230469755d38934fa43af8feb2b7674) Importer(815301076,1909f56bfc062723c751e8b465ee728b)
Start importing Assets/03. Models/Spiders/prefabs/spider3.prefab using Guid(9230469755d38934fa43af8feb2b7674) Importer(815301076,1909f56bfc062723c751e8b465ee728b)  -> (artifact id: 'a7f6b75d8f8c0f32b1d882ff9c0fa8e1') in 0.023857 seconds 
  Import took 0.027273 seconds .

========================================================================
Received Import Request.
  Time since last request: 0.010211 seconds.
  path: Assets/03. Models/Spiders/prefabs/spider3.prefab
  artifactKey: Guid(9230469755d38934fa43af8feb2b7674) Importer(815301076,1909f56bfc062723c751e8b465ee728b)
Start importing Assets/03. Models/Spiders/prefabs/spider3.prefab using Guid(9230469755d38934fa43af8feb2b7674) Importer(815301076,1909f56bfc062723c751e8b465ee728b)  -> (artifact id: 'a7f6b75d8f8c0f32b1d882ff9c0fa8e1') in 0.057297 seconds 
  Import took 0.060564 seconds .

========================================================================
Received Import Request.
  Time since last request: 0.453998 seconds.
  path: Assets/03. Models/Spiders/prefabs/spider5.prefab
  artifactKey: Guid(32b2f2ba90447c646859277baa8ae2a2) Importer(815301076,1909f56bfc062723c751e8b465ee728b)
Start importing Assets/03. Models/Spiders/prefabs/spider5.prefab using Guid(32b2f2ba90447c646859277baa8ae2a2) Importer(815301076,1909f56bfc062723c751e8b465ee728b)  -> (artifact id: '161fcfc8059c2ac426cf4f6701949bbb') in 0.030995 seconds 
  Import took 0.033411 seconds .

========================================================================
Received Import Request.
  Time since last request: 0.000505 seconds.
  path: Assets/03. Models/Spiders/prefabs/spider5.prefab
  artifactKey: Guid(32b2f2ba90447c646859277baa8ae2a2) Importer(815301076,1909f56bfc062723c751e8b465ee728b)
Start importing Assets/03. Models/Spiders/prefabs/spider5.prefab using Guid(32b2f2ba90447c646859277baa8ae2a2) Importer(815301076,1909f56bfc062723c751e8b465ee728b)  -> (artifact id: '161fcfc8059c2ac426cf4f6701949bbb') in 0.020121 seconds 
  Import took 0.024191 seconds .

========================================================================
Received Import Request.
  Time since last request: 0.396952 seconds.
  path: Assets/03. Models/Spiders/prefabs/spider7.prefab
  artifactKey: Guid(5ba708845b2f08e409f3a7bf2c361c7b) Importer(815301076,1909f56bfc062723c751e8b465ee728b)
Start importing Assets/03. Models/Spiders/prefabs/spider7.prefab using Guid(5ba708845b2f08e409f3a7bf2c361c7b) Importer(815301076,1909f56bfc062723c751e8b465ee728b)  -> (artifact id: '8364413a2630375de0fa0463e68656db') in 0.027571 seconds 
  Import took 0.029934 seconds .

========================================================================
Received Import Request.
  Time since last request: 0.000657 seconds.
  path: Assets/03. Models/Spiders/prefabs/spider7.prefab
  artifactKey: Guid(5ba708845b2f08e409f3a7bf2c361c7b) Importer(815301076,1909f56bfc062723c751e8b465ee728b)
Start importing Assets/03. Models/Spiders/prefabs/spider7.prefab using Guid(5ba708845b2f08e409f3a7bf2c361c7b) Importer(815301076,1909f56bfc062723c751e8b465ee728b)  -> (artifact id: '8364413a2630375de0fa0463e68656db') in 0.036288 seconds 
  Import took 0.039004 seconds .

========================================================================
Received Import Request.
  Time since last request: 0.339614 seconds.
  path: Assets/03. Models/Spiders/prefabs/spider8.prefab
  artifactKey: Guid(3154e56712ce93e4a9c38786d869983a) Importer(815301076,1909f56bfc062723c751e8b465ee728b)
Start importing Assets/03. Models/Spiders/prefabs/spider8.prefab using Guid(3154e56712ce93e4a9c38786d869983a) Importer(815301076,1909f56bfc062723c751e8b465ee728b)  -> (artifact id: '47002c2e580657407eabbc513bd9662e') in 0.024135 seconds 
  Import took 0.026563 seconds .

========================================================================
Received Import Request.
  Time since last request: 0.002342 seconds.
  path: Assets/03. Models/Spiders/prefabs/spider8.prefab
  artifactKey: Guid(3154e56712ce93e4a9c38786d869983a) Importer(815301076,1909f56bfc062723c751e8b465ee728b)
Start importing Assets/03. Models/Spiders/prefabs/spider8.prefab using Guid(3154e56712ce93e4a9c38786d869983a) Importer(815301076,1909f56bfc062723c751e8b465ee728b)  -> (artifact id: '47002c2e580657407eabbc513bd9662e') in 0.021960 seconds 
  Import took 0.024806 seconds .

========================================================================
Received Import Request.
  Time since last request: 3.250307 seconds.
  path: Assets/03. Models/Spiders/model/spider.fbx
  artifactKey: Guid(7b12ff0838c1bfc46970414ffe81e813) Importer(815301076,1909f56bfc062723c751e8b465ee728b)
Start importing Assets/03. Models/Spiders/model/spider.fbx using Guid(7b12ff0838c1bfc46970414ffe81e813) Importer(815301076,1909f56bfc062723c751e8b465ee728b)  -> (artifact id: '140465c78ccb59af12c488974c0fb0e7') in 0.072322 seconds 
  Import took 0.075557 seconds .

========================================================================
Received Import Request.
  Time since last request: 17.632022 seconds.
  path: Assets/03. Models/Spiders/model/Materials
  artifactKey: Guid(d597b21c9c72f0949bc059a4a1aef03e) Importer(815301076,1909f56bfc062723c751e8b465ee728b)
Start importing Assets/03. Models/Spiders/model/Materials using Guid(d597b21c9c72f0949bc059a4a1aef03e) Importer(815301076,1909f56bfc062723c751e8b465ee728b)  -> (artifact id: '9857dd0ad3301fff02d8a0a479178d01') in 0.003050 seconds 
  Import took 0.005435 seconds .

========================================================================
Received Import Request.
  Time since last request: 26.916581 seconds.
  path: Assets/03. Models/Spiders/prefabs/spider4.prefab
  artifactKey: Guid(aa44802c519f697478e7507c0f1f1b03) Importer(815301076,1909f56bfc062723c751e8b465ee728b)
Start importing Assets/03. Models/Spiders/prefabs/spider4.prefab using Guid(aa44802c519f697478e7507c0f1f1b03) Importer(815301076,1909f56bfc062723c751e8b465ee728b)  -> (artifact id: '9f60c04793d1b2bf8a0a79d906270c18') in 0.016367 seconds 
  Import took 0.018895 seconds .

========================================================================
Received Import Request.
  Time since last request: 51.394381 seconds.
  path: Assets/03. Models/Spiders/Materials
  artifactKey: Guid(39ee86af897e7204488e9846f8d5a8cd) Importer(815301076,1909f56bfc062723c751e8b465ee728b)
Start importing Assets/03. Models/Spiders/Materials using Guid(39ee86af897e7204488e9846f8d5a8cd) Importer(815301076,1909f56bfc062723c751e8b465ee728b)  -> (artifact id: 'fe4172402e64c9045f046a8c12984b9d') in 0.002828 seconds 
  Import took 0.005225 seconds .

========================================================================
Received Import Request.
  Time since last request: 236.754796 seconds.
  path: Assets/05. Materials/Fantasy Skybox FREE
  artifactKey: Guid(434dadabb6be806468ff027d92e0a464) Importer(815301076,1909f56bfc062723c751e8b465ee728b)
Start importing Assets/05. Materials/Fantasy Skybox FREE using Guid(434dadabb6be806468ff027d92e0a464) Importer(815301076,1909f56bfc062723c751e8b465ee728b)  -> (artifact id: 'd65ae2df80e5dfdea73f4c2dba5f6dd9') in 0.004130 seconds 
  Import took 0.006978 seconds .

========================================================================
Received Import Request.
  Time since last request: 3.572504 seconds.
  path: Assets/05. Materials/Fantasy Skybox FREE/Materials/Classic
  artifactKey: Guid(69ee00d9176dabc4687615071b161c20) Importer(815301076,1909f56bfc062723c751e8b465ee728b)
Start importing Assets/05. Materials/Fantasy Skybox FREE/Materials/Classic using Guid(69ee00d9176dabc4687615071b161c20) Importer(815301076,1909f56bfc062723c751e8b465ee728b)  -> (artifact id: 'eae2aaa33424365f031d24e4eae579e1') in 0.003654 seconds 
  Import took 0.005833 seconds .

========================================================================
Received Import Request.
  Time since last request: 0.542757 seconds.
  path: Assets/05. Materials/Fantasy Skybox FREE/Materials/FS002
  artifactKey: Guid(c862ef60191075042a6f4ac7dd6f19b1) Importer(815301076,1909f56bfc062723c751e8b465ee728b)
Start importing Assets/05. Materials/Fantasy Skybox FREE/Materials/FS002 using Guid(c862ef60191075042a6f4ac7dd6f19b1) Importer(815301076,1909f56bfc062723c751e8b465ee728b)  -> (artifact id: '400298d733d738fb905a1e2e1e57e851') in 0.003317 seconds 
  Import took 0.005881 seconds .

========================================================================
Received Import Request.
  Time since last request: 21.602188 seconds.
  path: Assets/05. Materials/Fantasy Skybox FREE/Materials/FS002/FS002_Night.png
  artifactKey: Guid(3cf4d52b14bd4254d9f4fd063f8d9bfd) Importer(815301076,1909f56bfc062723c751e8b465ee728b)
Start importing Assets/05. Materials/Fantasy Skybox FREE/Materials/FS002/FS002_Night.png using Guid(3cf4d52b14bd4254d9f4fd063f8d9bfd) Importer(815301076,1909f56bfc062723c751e8b465ee728b)  -> (artifact id: 'ef1fe345e573bf78ca3fe49fe7539917') in 0.029956 seconds 
  Import took 0.032486 seconds .

========================================================================
Received Import Request.
  Time since last request: 16.936248 seconds.
  path: Assets/05. Materials/Fantasy Skybox FREE/Materials/FS002/FS002_Day.png
  artifactKey: Guid(90bac99dc822bf641b140cdc291b845e) Importer(815301076,1909f56bfc062723c751e8b465ee728b)
Start importing Assets/05. Materials/Fantasy Skybox FREE/Materials/FS002/FS002_Day.png using Guid(90bac99dc822bf641b140cdc291b845e) Importer(815301076,1909f56bfc062723c751e8b465ee728b)  -> (artifact id: 'b5f86bdcb2bf20655de0d30f3f971e1c') in 0.014355 seconds 
  Import took 0.016956 seconds .

========================================================================
Received Import Request.
  Time since last request: 0.003841 seconds.
  path: Assets/05. Materials/Fantasy Skybox FREE/Materials/FS002/FS002_Day.png
  artifactKey: Guid(90bac99dc822bf641b140cdc291b845e) Importer(815301076,1909f56bfc062723c751e8b465ee728b)
Start importing Assets/05. Materials/Fantasy Skybox FREE/Materials/FS002/FS002_Day.png using Guid(90bac99dc822bf641b140cdc291b845e) Importer(815301076,1909f56bfc062723c751e8b465ee728b)  -> (artifact id: 'b5f86bdcb2bf20655de0d30f3f971e1c') in 0.012083 seconds 
  Import took 0.014265 seconds .

========================================================================
Received Import Request.
  Time since last request: 6.102756 seconds.
  path: Assets/05. Materials/Fantasy Skybox FREE/Materials/FS002/FS002_Day_Sunless.png
  artifactKey: Guid(e2c576b6d07638b468b5ba303a3a07cb) Importer(815301076,1909f56bfc062723c751e8b465ee728b)
Start importing Assets/05. Materials/Fantasy Skybox FREE/Materials/FS002/FS002_Day_Sunless.png using Guid(e2c576b6d07638b468b5ba303a3a07cb) Importer(815301076,1909f56bfc062723c751e8b465ee728b)  -> (artifact id: '417a49b98a650ea64f042b9bba46596d') in 0.011643 seconds 
  Import took 0.015848 seconds .

========================================================================
Received Import Request.
  Time since last request: 0.005292 seconds.
  path: Assets/05. Materials/Fantasy Skybox FREE/Materials/FS002/FS002_Day_Sunless.png
  artifactKey: Guid(e2c576b6d07638b468b5ba303a3a07cb) Importer(815301076,1909f56bfc062723c751e8b465ee728b)
Start importing Assets/05. Materials/Fantasy Skybox FREE/Materials/FS002/FS002_Day_Sunless.png using Guid(e2c576b6d07638b468b5ba303a3a07cb) Importer(815301076,1909f56bfc062723c751e8b465ee728b)  -> (artifact id: '417a49b98a650ea64f042b9bba46596d') in 0.015816 seconds 
  Import took 0.018516 seconds .

========================================================================
Received Import Request.
  Time since last request: 1.016944 seconds.
  path: Assets/05. Materials/Fantasy Skybox FREE/Materials/FS002/FS002_Night_Moonless.png
  artifactKey: Guid(13ec4f589b2340646969832fc2e68ec6) Importer(815301076,1909f56bfc062723c751e8b465ee728b)
Start importing Assets/05. Materials/Fantasy Skybox FREE/Materials/FS002/FS002_Night_Moonless.png using Guid(13ec4f589b2340646969832fc2e68ec6) Importer(815301076,1909f56bfc062723c751e8b465ee728b)  -> (artifact id: 'b7789477a39ef9879ed0bf08f2574254') in 0.010775 seconds 
  Import took 0.012993 seconds .

========================================================================
Received Import Request.
  Time since last request: 0.015031 seconds.
  path: Assets/05. Materials/Fantasy Skybox FREE/Materials/FS002/FS002_Night_Moonless.png
  artifactKey: Guid(13ec4f589b2340646969832fc2e68ec6) Importer(815301076,1909f56bfc062723c751e8b465ee728b)
Start importing Assets/05. Materials/Fantasy Skybox FREE/Materials/FS002/FS002_Night_Moonless.png using Guid(13ec4f589b2340646969832fc2e68ec6) Importer(815301076,1909f56bfc062723c751e8b465ee728b)  -> (artifact id: 'b7789477a39ef9879ed0bf08f2574254') in 0.010892 seconds 
  Import took 0.013073 seconds .

========================================================================
Received Import Request.
  Time since last request: 0.806872 seconds.
  path: Assets/05. Materials/Fantasy Skybox FREE/Materials/FS002/FS002_Rainy.png
  artifactKey: Guid(9183c8173b34a5741a60673a672347cb) Importer(815301076,1909f56bfc062723c751e8b465ee728b)
Start importing Assets/05. Materials/Fantasy Skybox FREE/Materials/FS002/FS002_Rainy.png using Guid(9183c8173b34a5741a60673a672347cb) Importer(815301076,1909f56bfc062723c751e8b465ee728b)  -> (artifact id: '4064adcefcb413e3b9adf62771484de6') in 0.010374 seconds 
  Import took 0.013829 seconds .

========================================================================
Received Import Request.
  Time since last request: 0.000589 seconds.
  path: Assets/05. Materials/Fantasy Skybox FREE/Materials/FS002/FS002_Rainy.png
  artifactKey: Guid(9183c8173b34a5741a60673a672347cb) Importer(815301076,1909f56bfc062723c751e8b465ee728b)
Start importing Assets/05. Materials/Fantasy Skybox FREE/Materials/FS002/FS002_Rainy.png using Guid(9183c8173b34a5741a60673a672347cb) Importer(815301076,1909f56bfc062723c751e8b465ee728b)  -> (artifact id: '4064adcefcb413e3b9adf62771484de6') in 0.009771 seconds 
  Import took 0.012060 seconds .

========================================================================
Received Import Request.
  Time since last request: 0.624349 seconds.
  path: Assets/05. Materials/Fantasy Skybox FREE/Materials/FS002/FS002_Snowy.png
  artifactKey: Guid(0ffe8585761fae642bd4d7d85819a5f5) Importer(815301076,1909f56bfc062723c751e8b465ee728b)
Start importing Assets/05. Materials/Fantasy Skybox FREE/Materials/FS002/FS002_Snowy.png using Guid(0ffe8585761fae642bd4d7d85819a5f5) Importer(815301076,1909f56bfc062723c751e8b465ee728b)  -> (artifact id: '4e0b87341294b3f0b2817e1cb3208a1e') in 0.014534 seconds 
  Import took 0.017406 seconds .

========================================================================
Received Import Request.
  Time since last request: 0.002435 seconds.
  path: Assets/05. Materials/Fantasy Skybox FREE/Materials/FS002/FS002_Snowy.png
  artifactKey: Guid(0ffe8585761fae642bd4d7d85819a5f5) Importer(815301076,1909f56bfc062723c751e8b465ee728b)
Start importing Assets/05. Materials/Fantasy Skybox FREE/Materials/FS002/FS002_Snowy.png using Guid(0ffe8585761fae642bd4d7d85819a5f5) Importer(815301076,1909f56bfc062723c751e8b465ee728b)  -> (artifact id: '4e0b87341294b3f0b2817e1cb3208a1e') in 0.015732 seconds 
  Import took 0.018474 seconds .

========================================================================
Received Import Request.
  Time since last request: 13.028148 seconds.
  path: Assets/05. Materials/Fantasy Skybox FREE/Materials/FS013/FS013_Night.png
  artifactKey: Guid(134608dbb5b4b3e458e3567b13281134) Importer(815301076,1909f56bfc062723c751e8b465ee728b)
Start importing Assets/05. Materials/Fantasy Skybox FREE/Materials/FS013/FS013_Night.png using Guid(134608dbb5b4b3e458e3567b13281134) Importer(815301076,1909f56bfc062723c751e8b465ee728b)  -> (artifact id: '591176d119d5330b54654bccd869a32a') in 0.016432 seconds 
  Import took 0.018816 seconds .

========================================================================
Received Import Request.
  Time since last request: 0.000522 seconds.
  path: Assets/05. Materials/Fantasy Skybox FREE/Materials/FS013/FS013_Night.png
  artifactKey: Guid(134608dbb5b4b3e458e3567b13281134) Importer(815301076,1909f56bfc062723c751e8b465ee728b)
Start importing Assets/05. Materials/Fantasy Skybox FREE/Materials/FS013/FS013_Night.png using Guid(134608dbb5b4b3e458e3567b13281134) Importer(815301076,1909f56bfc062723c751e8b465ee728b)  -> (artifact id: '591176d119d5330b54654bccd869a32a') in 0.009964 seconds 
  Import took 0.013042 seconds .

========================================================================
Received Import Request.
  Time since last request: 0.357326 seconds.
  path: Assets/05. Materials/Fantasy Skybox FREE/Materials/FS013/FS013_Night_Moonless.png
  artifactKey: Guid(a81552b25f3b36b43b82a6c5daf6e098) Importer(815301076,1909f56bfc062723c751e8b465ee728b)
Start importing Assets/05. Materials/Fantasy Skybox FREE/Materials/FS013/FS013_Night_Moonless.png using Guid(a81552b25f3b36b43b82a6c5daf6e098) Importer(815301076,1909f56bfc062723c751e8b465ee728b)  -> (artifact id: 'bf18404dc76286e86dcdfa09c3c73c02') in 0.014147 seconds 
  Import took 0.017018 seconds .

========================================================================
Received Import Request.
  Time since last request: 0.002789 seconds.
  path: Assets/05. Materials/Fantasy Skybox FREE/Materials/FS013/FS013_Night_Moonless.png
  artifactKey: Guid(a81552b25f3b36b43b82a6c5daf6e098) Importer(815301076,1909f56bfc062723c751e8b465ee728b)
Start importing Assets/05. Materials/Fantasy Skybox FREE/Materials/FS013/FS013_Night_Moonless.png using Guid(a81552b25f3b36b43b82a6c5daf6e098) Importer(815301076,1909f56bfc062723c751e8b465ee728b)  -> (artifact id: 'bf18404dc76286e86dcdfa09c3c73c02') in 0.020948 seconds 
  Import took 0.024772 seconds .

========================================================================
Received Import Request.
  Time since last request: 14.018533 seconds.
  path: Assets/05. Materials/Fantasy Skybox FREE/Materials/FS013/FS013_Sunset.png
  artifactKey: Guid(c9c7d456c59dc784b93f9c65f163e63f) Importer(815301076,1909f56bfc062723c751e8b465ee728b)
Start importing Assets/05. Materials/Fantasy Skybox FREE/Materials/FS013/FS013_Sunset.png using Guid(c9c7d456c59dc784b93f9c65f163e63f) Importer(815301076,1909f56bfc062723c751e8b465ee728b)  -> (artifact id: '22dbdcde62814fe265c76d9f4b14329c') in 0.011712 seconds 
  Import took 0.014801 seconds .

========================================================================
Received Import Request.
  Time since last request: 0.003897 seconds.
  path: Assets/05. Materials/Fantasy Skybox FREE/Materials/FS013/FS013_Sunset.png
  artifactKey: Guid(c9c7d456c59dc784b93f9c65f163e63f) Importer(815301076,1909f56bfc062723c751e8b465ee728b)
Start importing Assets/05. Materials/Fantasy Skybox FREE/Materials/FS013/FS013_Sunset.png using Guid(c9c7d456c59dc784b93f9c65f163e63f) Importer(815301076,1909f56bfc062723c751e8b465ee728b)  -> (artifact id: '22dbdcde62814fe265c76d9f4b14329c') in 0.011015 seconds 
  Import took 0.013599 seconds .

========================================================================
Received Import Request.
  Time since last request: 6.109263 seconds.
  path: Assets/05. Materials/Fantasy Skybox FREE/Materials/FS003/FS003_Sunrise.png
  artifactKey: Guid(c15e36d3819e8d14ab21ab119e3fd4a7) Importer(815301076,1909f56bfc062723c751e8b465ee728b)
Start importing Assets/05. Materials/Fantasy Skybox FREE/Materials/FS003/FS003_Sunrise.png using Guid(c15e36d3819e8d14ab21ab119e3fd4a7) Importer(815301076,1909f56bfc062723c751e8b465ee728b)  -> (artifact id: 'abd461d7d26c500e0233cf4c20cad434') in 0.021912 seconds 
  Import took 0.024449 seconds .

========================================================================
Received Import Request.
  Time since last request: 0.001001 seconds.
  path: Assets/05. Materials/Fantasy Skybox FREE/Materials/FS003/FS003_Sunrise.png
  artifactKey: Guid(c15e36d3819e8d14ab21ab119e3fd4a7) Importer(815301076,1909f56bfc062723c751e8b465ee728b)
Start importing Assets/05. Materials/Fantasy Skybox FREE/Materials/FS003/FS003_Sunrise.png using Guid(c15e36d3819e8d14ab21ab119e3fd4a7) Importer(815301076,1909f56bfc062723c751e8b465ee728b)  -> (artifact id: 'abd461d7d26c500e0233cf4c20cad434') in 0.020185 seconds 
  Import took 0.022415 seconds .

========================================================================
Received Import Request.
  Time since last request: 4.650168 seconds.
  path: Assets/05. Materials/Fantasy Skybox FREE/Materials/FS003/FS003_Sunset.png
  artifactKey: Guid(846cce7d90ad21b4b80fcb937193081e) Importer(815301076,1909f56bfc062723c751e8b465ee728b)
Start importing Assets/05. Materials/Fantasy Skybox FREE/Materials/FS003/FS003_Sunset.png using Guid(846cce7d90ad21b4b80fcb937193081e) Importer(815301076,1909f56bfc062723c751e8b465ee728b)  -> (artifact id: 'f1b948ef89bb71933a9c8b86e261b817') in 0.013009 seconds 
  Import took 0.016108 seconds .

========================================================================
Received Import Request.
  Time since last request: 0.003728 seconds.
  path: Assets/05. Materials/Fantasy Skybox FREE/Materials/FS003/FS003_Sunset.png
  artifactKey: Guid(846cce7d90ad21b4b80fcb937193081e) Importer(815301076,1909f56bfc062723c751e8b465ee728b)
Start importing Assets/05. Materials/Fantasy Skybox FREE/Materials/FS003/FS003_Sunset.png using Guid(846cce7d90ad21b4b80fcb937193081e) Importer(815301076,1909f56bfc062723c751e8b465ee728b)  -> (artifact id: 'f1b948ef89bb71933a9c8b86e261b817') in 0.010118 seconds 
  Import took 0.012514 seconds .

========================================================================
Received Import Request.
  Time since last request: 11.738761 seconds.
  path: Assets/05. Materials/Fantasy Skybox FREE/Materials/FS013/FS013_Sunrise.png
  artifactKey: Guid(99bb9346a54a1ef45b3d086ccba8cfad) Importer(815301076,1909f56bfc062723c751e8b465ee728b)
Start importing Assets/05. Materials/Fantasy Skybox FREE/Materials/FS013/FS013_Sunrise.png using Guid(99bb9346a54a1ef45b3d086ccba8cfad) Importer(815301076,1909f56bfc062723c751e8b465ee728b)  -> (artifact id: 'b280dc932a85afb56a088fff5ccea256') in 0.010151 seconds 
  Import took 0.012521 seconds .

========================================================================
Received Import Request.
  Time since last request: 11.488383 seconds.
  path: Assets/05. Materials/Fantasy Skybox FREE/Materials/FS017/FS017_Sunset.png
  artifactKey: Guid(89878140665978f4f9f27f55a61fb12d) Importer(815301076,1909f56bfc062723c751e8b465ee728b)
Start importing Assets/05. Materials/Fantasy Skybox FREE/Materials/FS017/FS017_Sunset.png using Guid(89878140665978f4f9f27f55a61fb12d) Importer(815301076,1909f56bfc062723c751e8b465ee728b)  -> (artifact id: '1083fe303b3b827a29c46d321c6924c2') in 0.026747 seconds 
  Import took 0.029044 seconds .

========================================================================
Received Prepare
Registering precompiled user dll's ...
Registered in 0.004540 seconds.
Begin MonoManager ReloadAssembly
Native extension for WindowsStandalone target not found
Native extension for WebGL target not found
Refreshing native plugins compatible for Editor in 0.31 ms, found 2 plugins.
Preloading 0 native plugins for Editor in 0.00 ms.
Mono: successfully reloaded assembly
- Completed reload, in  0.808 seconds
Domain Reload Profiling:
	ReloadAssembly (808ms)
		BeginReloadAssembly (101ms)
			ExecutionOrderSort (0ms)
			DisableScriptedObjects (3ms)
			BackupInstance (0ms)
			ReleaseScriptingObjects (0ms)
			CreateAndSetChildDomain (32ms)
		EndReloadAssembly (648ms)
			LoadAssemblies (87ms)
			RebuildTransferFunctionScriptingTraits (0ms)
			SetupTypeCache (248ms)
			ReleaseScriptCaches (1ms)
			RebuildScriptCaches (24ms)
			SetupLoadedEditorAssemblies (220ms)
				LogAssemblyErrors (0ms)
				InitializePlatformSupportModulesInManaged (4ms)
				SetLoadedEditorAssemblies (0ms)
				RefreshPlugins (0ms)
				BeforeProcessingInitializeOnLoad (49ms)
				ProcessInitializeOnLoadAttributes (154ms)
				ProcessInitializeOnLoadMethodAttributes (5ms)
				AfterProcessingInitializeOnLoad (7ms)
				EditorAssembliesLoaded (0ms)
			ExecutionOrderSort2 (0ms)
			AwakeInstancesAfterBackupRestoration (4ms)
Platform modules already initialized, skipping
Refreshing native plugins compatible for Editor in 0.33 ms, found 2 plugins.
Preloading 0 native plugins for Editor in 0.00 ms.
Unloading 1398 Unused Serialized files (Serialized files now loaded: 0)
System memory in use before: 87.6 MB.
System memory in use after: 87.7 MB.

Unloading 59 unused Assets to reduce memory usage. Loaded Objects now: 1912.
Total: 1.543500 ms (FindLiveObjects: 0.096700 ms CreateObjectMapping: 0.023100 ms MarkObjects: 1.345800 ms  DeleteObjects: 0.077100 ms)

AssetImportParameters requested are different than current active one (requested -> active):
  custom:framework-win-MediaFoundation: 216162199b28c13a410421893ffa2e32 -> 
  custom:video-decoder-ogg-theora: a1e56fd34408186e4bbccfd4996cb3dc -> 
  custom:container-muxer-webm: aa71ff27fc2769a1b78a27578f13a17b -> 
  custom:container-demuxer-webm: 4f35f7cbe854078d1ac9338744f61a02 -> 
  custom:container-demuxer-ogg: 62fdf1f143b41e24485cea50d1cbac27 -> 
  custom:video-encoder-webm-vp8: eb34c28f22e8b96e1ab97ce403110664 -> 
  custom:video-decoder-webm-vp8: 9c59270c3fd7afecdb556c50c9e8de78 -> 
  custom:audio-decoder-ogg-vorbis: bf7c407c2cedff20999df2af8eb42d56 -> 
  custom:audio-encoder-webm-vorbis: bf7c407c2cedff20999df2af8eb42d56 -> 
========================================================================
Received Prepare
Registering precompiled user dll's ...
Registered in 0.004166 seconds.
Begin MonoManager ReloadAssembly
Native extension for WindowsStandalone target not found
Native extension for WebGL target not found
Refreshing native plugins compatible for Editor in 0.36 ms, found 2 plugins.
Preloading 0 native plugins for Editor in 0.00 ms.
Mono: successfully reloaded assembly
- Completed reload, in  0.806 seconds
Domain Reload Profiling:
	ReloadAssembly (807ms)
		BeginReloadAssembly (113ms)
			ExecutionOrderSort (0ms)
			DisableScriptedObjects (3ms)
			BackupInstance (0ms)
			ReleaseScriptingObjects (0ms)
			CreateAndSetChildDomain (27ms)
		EndReloadAssembly (623ms)
			LoadAssemblies (86ms)
			RebuildTransferFunctionScriptingTraits (0ms)
			SetupTypeCache (207ms)
			ReleaseScriptCaches (1ms)
			RebuildScriptCaches (25ms)
			SetupLoadedEditorAssemblies (234ms)
				LogAssemblyErrors (0ms)
				InitializePlatformSupportModulesInManaged (4ms)
				SetLoadedEditorAssemblies (0ms)
				RefreshPlugins (0ms)
				BeforeProcessingInitializeOnLoad (64ms)
				ProcessInitializeOnLoadAttributes (155ms)
				ProcessInitializeOnLoadMethodAttributes (2ms)
				AfterProcessingInitializeOnLoad (9ms)
				EditorAssembliesLoaded (0ms)
			ExecutionOrderSort2 (0ms)
			AwakeInstancesAfterBackupRestoration (6ms)
Platform modules already initialized, skipping
Refreshing native plugins compatible for Editor in 0.30 ms, found 2 plugins.
Preloading 0 native plugins for Editor in 0.00 ms.
Unloading 1398 Unused Serialized files (Serialized files now loaded: 0)
System memory in use before: 87.5 MB.
System memory in use after: 87.5 MB.

Unloading 14 unused Assets to reduce memory usage. Loaded Objects now: 1914.
Total: 1.407200 ms (FindLiveObjects: 0.103100 ms CreateObjectMapping: 0.026600 ms MarkObjects: 1.231900 ms  DeleteObjects: 0.044800 ms)

AssetImportParameters requested are different than current active one (requested -> active):
  custom:framework-win-MediaFoundation: 216162199b28c13a410421893ffa2e32 -> 
  custom:video-decoder-ogg-theora: a1e56fd34408186e4bbccfd4996cb3dc -> 
  custom:container-muxer-webm: aa71ff27fc2769a1b78a27578f13a17b -> 
  custom:container-demuxer-webm: 4f35f7cbe854078d1ac9338744f61a02 -> 
  custom:container-demuxer-ogg: 62fdf1f143b41e24485cea50d1cbac27 -> 
  custom:video-encoder-webm-vp8: eb34c28f22e8b96e1ab97ce403110664 -> 
  custom:video-decoder-webm-vp8: 9c59270c3fd7afecdb556c50c9e8de78 -> 
  custom:audio-decoder-ogg-vorbis: bf7c407c2cedff20999df2af8eb42d56 -> 
  custom:audio-encoder-webm-vorbis: bf7c407c2cedff20999df2af8eb42d56 -> 
========================================================================
Received Import Request.
  Time since last request: 400.911786 seconds.
  path: Assets/06. Animation/Animations/Sword And Shield Walk.fbx
  artifactKey: Guid(a9f08af16186bec4d92e92a504e14d77) Importer(815301076,1909f56bfc062723c751e8b465ee728b)
Start importing Assets/06. Animation/Animations/Sword And Shield Walk.fbx using Guid(a9f08af16186bec4d92e92a504e14d77) Importer(815301076,1909f56bfc062723c751e8b465ee728b)  -> (artifact id: '2473f0cc3aaa578a967b931b4743d4fa') in 0.110089 seconds 
  Import took 0.112672 seconds .

========================================================================
Received Import Request.
  Time since last request: 92.309143 seconds.
  path: Assets/03. Models/RPG Monster Duo PBR Polyart/Animations/Slime/Attack01_Slime_Anim.fbx
  artifactKey: Guid(438236b1bb4dc03468cb3f2d12fa922c) Importer(815301076,1909f56bfc062723c751e8b465ee728b)
Start importing Assets/03. Models/RPG Monster Duo PBR Polyart/Animations/Slime/Attack01_Slime_Anim.fbx using Guid(438236b1bb4dc03468cb3f2d12fa922c) Importer(815301076,1909f56bfc062723c751e8b465ee728b)  -> (artifact id: 'a162872247546bd5d6a57e7c431054da') in 0.026107 seconds 
  Import took 0.028377 seconds .

========================================================================
Received Import Request.
  Time since last request: 6.121505 seconds.
  path: Assets/03. Models/RPG Monster Duo PBR Polyart/Animations/Slime/Attack01_Slime_Anim.fbx
  artifactKey: Guid(438236b1bb4dc03468cb3f2d12fa922c) Importer(815301076,1909f56bfc062723c751e8b465ee728b)
Start importing Assets/03. Models/RPG Monster Duo PBR Polyart/Animations/Slime/Attack01_Slime_Anim.fbx using Guid(438236b1bb4dc03468cb3f2d12fa922c) Importer(815301076,1909f56bfc062723c751e8b465ee728b)  -> (artifact id: 'f604a38c854c9f35563de4c68827c8d5') in 0.073391 seconds 
  Import took 0.076094 seconds .

========================================================================
Received Import Request.
  Time since last request: 8.343913 seconds.
  path: Assets/03. Models/RPG Monster Duo PBR Polyart/Animations/TurtleShell/Die_TurtleShell_Anim.fbx
  artifactKey: Guid(d57bb9f35b232f546851ae283a6a4310) Importer(815301076,1909f56bfc062723c751e8b465ee728b)
Start importing Assets/03. Models/RPG Monster Duo PBR Polyart/Animations/TurtleShell/Die_TurtleShell_Anim.fbx using Guid(d57bb9f35b232f546851ae283a6a4310) Importer(815301076,1909f56bfc062723c751e8b465ee728b)  -> (artifact id: 'bf322c2d3d222a654761067088c0b7a0') in 0.078757 seconds 
  Import took 0.081682 seconds .

========================================================================
Received Prepare
Registering precompiled user dll's ...
Registered in 0.003990 seconds.
Begin MonoManager ReloadAssembly
Native extension for WindowsStandalone target not found
Native extension for WebGL target not found
Refreshing native plugins compatible for Editor in 0.34 ms, found 2 plugins.
Preloading 0 native plugins for Editor in 0.00 ms.
Mono: successfully reloaded assembly
- Completed reload, in  0.765 seconds
Domain Reload Profiling:
	ReloadAssembly (765ms)
		BeginReloadAssembly (96ms)
			ExecutionOrderSort (0ms)
			DisableScriptedObjects (3ms)
			BackupInstance (0ms)
			ReleaseScriptingObjects (0ms)
			CreateAndSetChildDomain (27ms)
		EndReloadAssembly (621ms)
			LoadAssemblies (74ms)
			RebuildTransferFunctionScriptingTraits (0ms)
			SetupTypeCache (198ms)
			ReleaseScriptCaches (1ms)
			RebuildScriptCaches (28ms)
			SetupLoadedEditorAssemblies (244ms)
				LogAssemblyErrors (0ms)
				InitializePlatformSupportModulesInManaged (8ms)
				SetLoadedEditorAssemblies (0ms)
				RefreshPlugins (0ms)
				BeforeProcessingInitializeOnLoad (65ms)
				ProcessInitializeOnLoadAttributes (155ms)
				ProcessInitializeOnLoadMethodAttributes (2ms)
				AfterProcessingInitializeOnLoad (14ms)
				EditorAssembliesLoaded (0ms)
			ExecutionOrderSort2 (0ms)
			AwakeInstancesAfterBackupRestoration (6ms)
Platform modules already initialized, skipping
Refreshing native plugins compatible for Editor in 0.33 ms, found 2 plugins.
Preloading 0 native plugins for Editor in 0.00 ms.
Unloading 1398 Unused Serialized files (Serialized files now loaded: 0)
System memory in use before: 87.7 MB.
System memory in use after: 87.8 MB.

Unloading 15 unused Assets to reduce memory usage. Loaded Objects now: 1950.
Total: 1.440700 ms (FindLiveObjects: 0.100800 ms CreateObjectMapping: 0.026900 ms MarkObjects: 1.243900 ms  DeleteObjects: 0.068300 ms)

AssetImportParameters requested are different than current active one (requested -> active):
  custom:framework-win-MediaFoundation: 216162199b28c13a410421893ffa2e32 -> 
  custom:video-decoder-ogg-theora: a1e56fd34408186e4bbccfd4996cb3dc -> 
  custom:container-muxer-webm: aa71ff27fc2769a1b78a27578f13a17b -> 
  custom:container-demuxer-webm: 4f35f7cbe854078d1ac9338744f61a02 -> 
  custom:container-demuxer-ogg: 62fdf1f143b41e24485cea50d1cbac27 -> 
  custom:video-encoder-webm-vp8: eb34c28f22e8b96e1ab97ce403110664 -> 
  custom:video-decoder-webm-vp8: 9c59270c3fd7afecdb556c50c9e8de78 -> 
  custom:audio-decoder-ogg-vorbis: bf7c407c2cedff20999df2af8eb42d56 -> 
  custom:audio-encoder-webm-vorbis: bf7c407c2cedff20999df2af8eb42d56 -> 
========================================================================
Received Prepare
Registering precompiled user dll's ...
Registered in 0.005481 seconds.
Begin MonoManager ReloadAssembly
Native extension for WindowsStandalone target not found
Native extension for WebGL target not found
Refreshing native plugins compatible for Editor in 0.31 ms, found 2 plugins.
Preloading 0 native plugins for Editor in 0.00 ms.
Mono: successfully reloaded assembly
- Completed reload, in  0.789 seconds
Domain Reload Profiling:
	ReloadAssembly (790ms)
		BeginReloadAssembly (113ms)
			ExecutionOrderSort (0ms)
			DisableScriptedObjects (3ms)
			BackupInstance (0ms)
			ReleaseScriptingObjects (0ms)
			CreateAndSetChildDomain (31ms)
		EndReloadAssembly (629ms)
			LoadAssemblies (78ms)
			RebuildTransferFunctionScriptingTraits (0ms)
			SetupTypeCache (207ms)
			ReleaseScriptCaches (1ms)
			RebuildScriptCaches (32ms)
			SetupLoadedEditorAssemblies (239ms)
				LogAssemblyErrors (0ms)
				InitializePlatformSupportModulesInManaged (9ms)
				SetLoadedEditorAssemblies (0ms)
				RefreshPlugins (1ms)
				BeforeProcessingInitializeOnLoad (64ms)
				ProcessInitializeOnLoadAttributes (155ms)
				ProcessInitializeOnLoadMethodAttributes (2ms)
				AfterProcessingInitializeOnLoad (9ms)
				EditorAssembliesLoaded (0ms)
			ExecutionOrderSort2 (0ms)
			AwakeInstancesAfterBackupRestoration (11ms)
Platform modules already initialized, skipping
Refreshing native plugins compatible for Editor in 0.35 ms, found 2 plugins.
Preloading 0 native plugins for Editor in 0.00 ms.
Unloading 1398 Unused Serialized files (Serialized files now loaded: 0)
System memory in use before: 87.7 MB.
System memory in use after: 87.8 MB.

Unloading 14 unused Assets to reduce memory usage. Loaded Objects now: 1952.
Total: 1.590300 ms (FindLiveObjects: 0.098900 ms CreateObjectMapping: 0.026200 ms MarkObjects: 1.402300 ms  DeleteObjects: 0.061900 ms)

AssetImportParameters requested are different than current active one (requested -> active):
  custom:framework-win-MediaFoundation: 216162199b28c13a410421893ffa2e32 -> 
  custom:video-decoder-ogg-theora: a1e56fd34408186e4bbccfd4996cb3dc -> 
  custom:container-muxer-webm: aa71ff27fc2769a1b78a27578f13a17b -> 
  custom:container-demuxer-webm: 4f35f7cbe854078d1ac9338744f61a02 -> 
  custom:container-demuxer-ogg: 62fdf1f143b41e24485cea50d1cbac27 -> 
  custom:video-encoder-webm-vp8: eb34c28f22e8b96e1ab97ce403110664 -> 
  custom:video-decoder-webm-vp8: 9c59270c3fd7afecdb556c50c9e8de78 -> 
  custom:audio-decoder-ogg-vorbis: bf7c407c2cedff20999df2af8eb42d56 -> 
  custom:audio-encoder-webm-vorbis: bf7c407c2cedff20999df2af8eb42d56 -> 
========================================================================
Received Prepare
Registering precompiled user dll's ...
Registered in 0.003523 seconds.
Begin MonoManager ReloadAssembly
Native extension for WindowsStandalone target not found
Native extension for WebGL target not found
Refreshing native plugins compatible for Editor in 0.31 ms, found 2 plugins.
Preloading 0 native plugins for Editor in 0.00 ms.
Mono: successfully reloaded assembly
- Completed reload, in  0.744 seconds
Domain Reload Profiling:
	ReloadAssembly (745ms)
		BeginReloadAssembly (94ms)
			ExecutionOrderSort (0ms)
			DisableScriptedObjects (4ms)
			BackupInstance (0ms)
			ReleaseScriptingObjects (0ms)
			CreateAndSetChildDomain (23ms)
		EndReloadAssembly (588ms)
			LoadAssemblies (81ms)
			RebuildTransferFunctionScriptingTraits (0ms)
			SetupTypeCache (191ms)
			ReleaseScriptCaches (1ms)
			RebuildScriptCaches (36ms)
			SetupLoadedEditorAssemblies (218ms)
				LogAssemblyErrors (0ms)
				InitializePlatformSupportModulesInManaged (4ms)
				SetLoadedEditorAssemblies (0ms)
				RefreshPlugins (0ms)
				BeforeProcessingInitializeOnLoad (71ms)
				ProcessInitializeOnLoadAttributes (134ms)
				ProcessInitializeOnLoadMethodAttributes (2ms)
				AfterProcessingInitializeOnLoad (5ms)
				EditorAssembliesLoaded (0ms)
			ExecutionOrderSort2 (0ms)
			AwakeInstancesAfterBackupRestoration (4ms)
Platform modules already initialized, skipping
Refreshing native plugins compatible for Editor in 0.31 ms, found 2 plugins.
Preloading 0 native plugins for Editor in 0.00 ms.
Unloading 1398 Unused Serialized files (Serialized files now loaded: 0)
System memory in use before: 87.7 MB.
System memory in use after: 87.8 MB.

Unloading 14 unused Assets to reduce memory usage. Loaded Objects now: 1954.
Total: 1.414200 ms (FindLiveObjects: 0.104000 ms CreateObjectMapping: 0.026800 ms MarkObjects: 1.225700 ms  DeleteObjects: 0.056900 ms)

AssetImportParameters requested are different than current active one (requested -> active):
  custom:framework-win-MediaFoundation: 216162199b28c13a410421893ffa2e32 -> 
  custom:video-decoder-ogg-theora: a1e56fd34408186e4bbccfd4996cb3dc -> 
  custom:container-muxer-webm: aa71ff27fc2769a1b78a27578f13a17b -> 
  custom:container-demuxer-webm: 4f35f7cbe854078d1ac9338744f61a02 -> 
  custom:container-demuxer-ogg: 62fdf1f143b41e24485cea50d1cbac27 -> 
  custom:video-encoder-webm-vp8: eb34c28f22e8b96e1ab97ce403110664 -> 
  custom:video-decoder-webm-vp8: 9c59270c3fd7afecdb556c50c9e8de78 -> 
  custom:audio-decoder-ogg-vorbis: bf7c407c2cedff20999df2af8eb42d56 -> 
  custom:audio-encoder-webm-vorbis: bf7c407c2cedff20999df2af8eb42d56 -> 
========================================================================
Received Import Request.
  Time since last request: 296.155641 seconds.
  path: Assets/02. Scripts/PlayerCtrl.cs
  artifactKey: Guid(056f4d4eaea44884db457901f91e0165) Importer(815301076,1909f56bfc062723c751e8b465ee728b)
Start importing Assets/02. Scripts/PlayerCtrl.cs using Guid(056f4d4eaea44884db457901f91e0165) Importer(815301076,1909f56bfc062723c751e8b465ee728b)  -> (artifact id: '559838108e31a7e9a807f9d5e91695c6') in 0.009116 seconds 
  Import took 0.011164 seconds .

========================================================================
Received Prepare
Registering precompiled user dll's ...
Registered in 0.003058 seconds.
Begin MonoManager ReloadAssembly
Native extension for WindowsStandalone target not found
Native extension for WebGL target not found
Refreshing native plugins compatible for Editor in 0.31 ms, found 2 plugins.
Preloading 0 native plugins for Editor in 0.00 ms.
Mono: successfully reloaded assembly
- Completed reload, in  0.765 seconds
Domain Reload Profiling:
	ReloadAssembly (765ms)
		BeginReloadAssembly (80ms)
			ExecutionOrderSort (0ms)
			DisableScriptedObjects (3ms)
			BackupInstance (0ms)
			ReleaseScriptingObjects (0ms)
			CreateAndSetChildDomain (24ms)
		EndReloadAssembly (643ms)
			LoadAssemblies (61ms)
			RebuildTransferFunctionScriptingTraits (0ms)
			SetupTypeCache (212ms)
			ReleaseScriptCaches (1ms)
			RebuildScriptCaches (39ms)
			SetupLoadedEditorAssemblies (259ms)
				LogAssemblyErrors (0ms)
				InitializePlatformSupportModulesInManaged (4ms)
				SetLoadedEditorAssemblies (0ms)
				RefreshPlugins (0ms)
				BeforeProcessingInitializeOnLoad (79ms)
				ProcessInitializeOnLoadAttributes (164ms)
				ProcessInitializeOnLoadMethodAttributes (3ms)
				AfterProcessingInitializeOnLoad (8ms)
				EditorAssembliesLoaded (0ms)
			ExecutionOrderSort2 (0ms)
			AwakeInstancesAfterBackupRestoration (5ms)
Platform modules already initialized, skipping
Refreshing native plugins compatible for Editor in 0.33 ms, found 2 plugins.
Preloading 0 native plugins for Editor in 0.00 ms.
Unloading 1398 Unused Serialized files (Serialized files now loaded: 0)
System memory in use before: 87.7 MB.
System memory in use after: 87.8 MB.

Unloading 14 unused Assets to reduce memory usage. Loaded Objects now: 1956.
Total: 1.436600 ms (FindLiveObjects: 0.101500 ms CreateObjectMapping: 0.024700 ms MarkObjects: 1.266300 ms  DeleteObjects: 0.043300 ms)

AssetImportParameters requested are different than current active one (requested -> active):
  custom:framework-win-MediaFoundation: 216162199b28c13a410421893ffa2e32 -> 
  custom:video-decoder-ogg-theora: a1e56fd34408186e4bbccfd4996cb3dc -> 
  custom:container-muxer-webm: aa71ff27fc2769a1b78a27578f13a17b -> 
  custom:container-demuxer-webm: 4f35f7cbe854078d1ac9338744f61a02 -> 
  custom:container-demuxer-ogg: 62fdf1f143b41e24485cea50d1cbac27 -> 
  custom:video-encoder-webm-vp8: eb34c28f22e8b96e1ab97ce403110664 -> 
  custom:video-decoder-webm-vp8: 9c59270c3fd7afecdb556c50c9e8de78 -> 
  custom:audio-decoder-ogg-vorbis: bf7c407c2cedff20999df2af8eb42d56 -> 
  custom:audio-encoder-webm-vorbis: bf7c407c2cedff20999df2af8eb42d56 -> 
